<?xml version="1.0" encoding="UTF-8"?>
<!-- Generated by org.testng.reporters.JUnitXMLReporter -->
<testsuite hostname="BLRL5CG0287TTQ" ignored="0" name="Default test" tests="3" failures="0" timestamp="2021-12-05T12:00:06 IST" time="12.588" errors="0">
  <testcase name="getAccountBlockStatusTest" time="1.514" classname="com.qa.api.gorest.testcases.GetImgurAPITest"/>
  <testcase name="getAccountImagesTest" time="1.399" classname="com.qa.api.gorest.testcases.GetImgurAPITest"/>
  <testcase name="uploadImagePostAPITest" time="2.525" classname="com.qa.api.gorest.testcases.GetImgurAPITest"/>
</testsuite> <!-- Default test -->
