<?xml version="1.0" encoding="UTF-8"?>
<!-- Generated by org.testng.reporters.JUnitXMLReporter -->
<testsuite hostname="BLRL5CG0287TTQ" ignored="0" name="Rest API regression Test" tests="9" failures="0" timestamp="2021-12-08T01:06:45 IST" time="10.833" errors="0">
  <testcase name="getAllUserListAPITest" time="3.919" classname="com.qa.api.gorest.testcases.GetUserTest"/>
  <testcase name="createUserAPIPOSTTest" time="3.001" classname="com.qa.api.gorest.testcases.CreateUserTest"/>
  <testcase name="getUserWithQueryParamsAPITest" time="0.315" classname="com.qa.api.gorest.testcases.GetUserTest"/>
  <testcase name="createUserAPIPOSTTest" time="0.444" classname="com.qa.api.gorest.testcases.CreateUserTest"/>
  <testcase name="createUserAPIPOSTTest" time="0.305" classname="com.qa.api.gorest.testcases.CreateUserTest"/>
  <testcase name="createUserAPIPOSTTest" time="0.313" classname="com.qa.api.gorest.testcases.CreateUserTest"/>
  <testcase name="getAccountBlockStatusTest" time="1.138" classname="com.qa.api.gorest.testcases.GetImgurAPITest"/>
  <testcase name="getAccountImagesTest" time="1.231" classname="com.qa.api.gorest.testcases.GetImgurAPITest"/>
  <testcase name="uploadImagePostAPITest" time="1.816" classname="com.qa.api.gorest.testcases.GetImgurAPITest"/>
</testsuite> <!-- Rest API regression Test -->
